<?xml version="1.0" encoding="UTF-8"?>
<testng-results ignored="0" total="5" passed="5" failed="0" skipped="0">
  <reporter-output>
  </reporter-output>
  <suite started-at="2021-04-11T16:07:53 IST" name="internetclothing" finished-at="2021-04-11T16:08:25 IST" duration-ms="31567">
    <groups>
    </groups>
    <test started-at="2021-04-11T16:07:53 IST" name="ecomapp" finished-at="2021-04-11T16:08:25 IST" duration-ms="31567">
      <class name="com.rudsakproject.testcases.TC_DDTlogin_002">
        <test-method is-config="true" signature="setup(java.lang.String)[pri:0, instance:com.rudsakproject.testcases.TC_DDTlogin_002@f736069]" started-at="2021-04-11T16:07:53 IST" name="setup" finished-at="2021-04-11T16:08:02 IST" duration-ms="9020" status="PASS">
          <params>
            <param index="0">
              <value>
                <![CDATA[chrome]]>
              </value>
            </param>
          </params>
          <reporter-output>
          </reporter-output>
        </test-method> <!-- setup -->
        <test-method signature="LoginDDT(java.lang.String, java.lang.String)[pri:0, instance:com.rudsakproject.testcases.TC_DDTlogin_002@f736069]" started-at="2021-04-11T16:08:05 IST" name="LoginDDT" data-provider="Login Data" finished-at="2021-04-11T16:08:10 IST" duration-ms="4814" status="PASS">
          <params>
            <param index="0">
              <value>
                <![CDATA[abcd12345@gmail.com]]>
              </value>
            </param>
            <param index="1">
              <value>
                <![CDATA[job@2021]]>
              </value>
            </param>
          </params>
          <reporter-output>
          </reporter-output>
        </test-method> <!-- LoginDDT -->
        <test-method signature="LoginDDT(java.lang.String, java.lang.String)[pri:0, instance:com.rudsakproject.testcases.TC_DDTlogin_002@f736069]" started-at="2021-04-11T16:08:10 IST" name="LoginDDT" data-provider="Login Data" finished-at="2021-04-11T16:08:13 IST" duration-ms="3401" status="PASS">
          <params>
            <param index="0">
              <value>
                <![CDATA[shub1987@gmail.com]]>
              </value>
            </param>
            <param index="1">
              <value>
                <![CDATA[abcd@1345]]>
              </value>
            </param>
          </params>
          <reporter-output>
          </reporter-output>
        </test-method> <!-- LoginDDT -->
        <test-method signature="LoginDDT(java.lang.String, java.lang.String)[pri:0, instance:com.rudsakproject.testcases.TC_DDTlogin_002@f736069]" started-at="2021-04-11T16:08:13 IST" name="LoginDDT" data-provider="Login Data" finished-at="2021-04-11T16:08:17 IST" duration-ms="4039" status="PASS">
          <params>
            <param index="0">
              <value>
                <![CDATA[shubs1987@gmail.com]]>
              </value>
            </param>
            <param index="1">
              <value>
                <![CDATA[acrf@1346]]>
              </value>
            </param>
          </params>
          <reporter-output>
          </reporter-output>
        </test-method> <!-- LoginDDT -->
        <test-method signature="LoginDDT(java.lang.String, java.lang.String)[pri:0, instance:com.rudsakproject.testcases.TC_DDTlogin_002@f736069]" started-at="2021-04-11T16:08:17 IST" name="LoginDDT" data-provider="Login Data" finished-at="2021-04-11T16:08:20 IST" duration-ms="3513" status="PASS">
          <params>
            <param index="0">
              <value>
                <![CDATA[shubha2345@gmail.com]]>
              </value>
            </param>
            <param index="1">
              <value>
                <![CDATA[xyza@9999]]>
              </value>
            </param>
          </params>
          <reporter-output>
          </reporter-output>
        </test-method> <!-- LoginDDT -->
        <test-method signature="LoginDDT(java.lang.String, java.lang.String)[pri:0, instance:com.rudsakproject.testcases.TC_DDTlogin_002@f736069]" started-at="2021-04-11T16:08:20 IST" name="LoginDDT" data-provider="Login Data" finished-at="2021-04-11T16:08:24 IST" duration-ms="3525" status="PASS">
          <params>
            <param index="0">
              <value>
                <![CDATA[abcd12345@gmail.com]]>
              </value>
            </param>
            <param index="1">
              <value>
                <![CDATA[job@2021]]>
              </value>
            </param>
          </params>
          <reporter-output>
          </reporter-output>
        </test-method> <!-- LoginDDT -->
        <test-method is-config="true" signature="teardown()[pri:0, instance:com.rudsakproject.testcases.TC_DDTlogin_002@f736069]" started-at="2021-04-11T16:08:24 IST" name="teardown" finished-at="2021-04-11T16:08:25 IST" duration-ms="830" status="PASS">
          <reporter-output>
          </reporter-output>
        </test-method> <!-- teardown -->
      </class> <!-- com.rudsakproject.testcases.TC_DDTlogin_002 -->
    </test> <!-- ecomapp -->
  </suite> <!-- internetclothing -->
</testng-results>
