<?xml version="1.0" encoding="UTF-8"?>
<!-- Generated by org.testng.reporters.JUnitXMLReporter -->
<testsuite ignored="0" hostname="DESKTOP-B3MH5IU" failures="0" tests="5" name="ecomapp" time="31.567" errors="0" timestamp="2021-04-11T16:08:25 IST">
  <testcase classname="com.rudsakproject.testcases.TC_DDTlogin_002" name="LoginDDT" time="4.814"/>
  <testcase classname="com.rudsakproject.testcases.TC_DDTlogin_002" name="LoginDDT" time="3.401"/>
  <testcase classname="com.rudsakproject.testcases.TC_DDTlogin_002" name="LoginDDT" time="4.039"/>
  <testcase classname="com.rudsakproject.testcases.TC_DDTlogin_002" name="LoginDDT" time="3.513"/>
  <testcase classname="com.rudsakproject.testcases.TC_DDTlogin_002" name="LoginDDT" time="3.525"/>
</testsuite> <!-- ecomapp -->
